\BOOKMARK [0][-]{part*.3}{\376\377\000P\000a\000r\000t\000\040\000I\000\040\040\024\000\040\000T\000h\000e\000\040\000S\000-\000S\000c\000a\000l\000a\000r\000\040\000a\000n\000d\000\040\000t\000h\000e\000\040\000R\000e\000c\000e\000i\000v\000e\000r}{}% 1
\BOOKMARK [1][-]{section.1}{\376\377\000T\000h\000e\000\040\000S\000-\000S\000c\000a\000l\000a\000r}{part*.3}% 2
\BOOKMARK [1][-]{section.2}{\376\377\000A\000x\000i\000o\000m\000s\000\040\000o\000f\000\040\000t\000h\000e\000\040\000S\000-\000F\000u\000n\000c\000t\000i\000o\000n\000a\000l}{part*.3}% 3
\BOOKMARK [1][-]{section.3}{\376\377\000B\000o\000u\000n\000d\000e\000d\000\040\000C\000o\000g\000n\000i\000t\000i\000o\000n\000\040\000a\000n\000d\000\040\000t\000h\000e\000\040\000F\000l\000o\000o\000r}{part*.3}% 4
\BOOKMARK [1][-]{section.4}{\376\377\000T\000h\000e\000\040\000C\000o\000n\000j\000u\000g\000a\000t\000e\000\040\000P\000a\000i\000r\000\040\000\050\000x\000,\000\040\000x\000*\000\051\000\040\000a\000n\000d\000\040\000S\000y\000m\000m\000e\000t\000r\000i\000c\000\040\000S\000-\000f\000u\000n\000c\000t\000i\000o\000n\000a\000l\000s}{part*.3}% 5
\BOOKMARK [0][-]{part*.4}{\376\377\000P\000a\000r\000t\000\040\000I\000I\000\040\040\024\000\040\000T\000h\000e\000\040\000T\000r\000i\000p\000l\000e\000\040\000E\000q\000u\000i\000v\000a\000l\000e\000n\000c\000e}{}% 6
\BOOKMARK [1][-]{section.5}{\376\377\000T\000h\000r\000e\000e\000\040\000A\000l\000g\000e\000b\000r\000a\000i\000c\000\040\000S\000t\000r\000u\000c\000t\000u\000r\000e\000s}{part*.4}% 7
\BOOKMARK [2][-]{subsection.5.1}{\376\377\000O\000s\000c\000i\000l\000l\000a\000t\000o\000r\000y\000\040\000s\000t\000r\000u\000c\000t\000u\000r\000e\000s}{section.5}% 8
\BOOKMARK [2][-]{subsection.5.2}{\376\377\000C\000a\000t\000e\000g\000o\000r\000i\000c\000a\000l\000\040\000s\000t\000r\000u\000c\000t\000u\000r\000e\000s}{section.5}% 9
\BOOKMARK [2][-]{subsection.5.3}{\376\377\000P\000a\000r\000t\000i\000t\000i\000o\000n\000\040\000s\000t\000r\000u\000c\000t\000u\000r\000e\000s}{section.5}% 10
\BOOKMARK [1][-]{section.6}{\376\377\000T\000h\000e\000\040\000E\000q\000u\000i\000v\000a\000l\000e\000n\000c\000e\000\040\000T\000h\000e\000o\000r\000e\000m}{part*.4}% 11
\BOOKMARK [1][-]{section.7}{\376\377\000R\000e\000p\000r\000e\000s\000e\000n\000t\000a\000t\000i\000o\000n\000\040\000C\000o\000s\000t\000\040\000a\000n\000d\000\040\000O\000p\000t\000i\000m\000a\000l\000\040\000S\000e\000l\000e\000c\000t\000i\000o\000n}{part*.4}% 12
\BOOKMARK [0][-]{part*.5}{\376\377\000P\000a\000r\000t\000\040\000I\000I\000I\000\040\040\024\000\040\000S\000-\000E\000x\000p\000r\000e\000s\000s\000i\000o\000n\000s\000\040\000a\000n\000d\000\040\000S\000u\000b\000t\000a\000s\000k\000\040\000F\000r\000e\000e\000d\000o\000m}{}% 13
\BOOKMARK [1][-]{section.8}{\376\377\000T\000h\000e\000\040\000A\000l\000g\000e\000b\000r\000a\000\040\000o\000f\000\040\000S\000-\000E\000x\000p\000r\000e\000s\000s\000i\000o\000n\000s}{part*.5}% 14
\BOOKMARK [1][-]{section.9}{\376\377\000S\000u\000b\000t\000a\000s\000k\000\040\000D\000e\000c\000o\000m\000p\000o\000s\000i\000t\000i\000o\000n}{part*.5}% 15
\BOOKMARK [1][-]{section.10}{\376\377\000T\000h\000e\000\040\000U\000n\000c\000o\000n\000s\000t\000r\000a\000i\000n\000e\000d\000\040\000S\000u\000b\000t\000a\000s\000k\000\040\000T\000h\000e\000o\000r\000e\000m}{part*.5}% 16
\BOOKMARK [1][-]{section.11}{\376\377\000T\000h\000e\000\040\000C\000r\000o\000s\000s\000-\000R\000e\000p\000r\000e\000s\000e\000n\000t\000a\000t\000i\000o\000n\000\040\000C\000o\000m\000p\000o\000s\000i\000t\000i\000o\000n\000\040\000T\000h\000e\000o\000r\000e\000m}{part*.5}% 17
\BOOKMARK [1][-]{section.12}{\376\377\000L\000o\000c\000a\000l\000-\000G\000l\000o\000b\000a\000l\000\040\000D\000e\000c\000o\000u\000p\000l\000i\000n\000g}{part*.5}% 18
\BOOKMARK [0][-]{part*.6}{\376\377\000P\000a\000r\000t\000\040\000I\000V\000\040\040\024\000\040\000I\000n\000f\000o\000r\000m\000a\000t\000i\000o\000n\000\040\000C\000a\000t\000a\000l\000y\000s\000t\000s}{}% 19
\BOOKMARK [1][-]{section.13}{\376\377\000C\000a\000t\000a\000l\000y\000t\000i\000c\000\040\000P\000o\000w\000e\000r}{part*.6}% 20
\BOOKMARK [1][-]{section.14}{\376\377\000C\000o\000m\000p\000o\000s\000i\000t\000i\000o\000n\000\040\000o\000f\000\040\000C\000a\000t\000a\000l\000y\000s\000t\000s}{part*.6}% 21
\BOOKMARK [1][-]{section.15}{\376\377\000L\000o\000c\000a\000l\000l\000y\000-\000I\000m\000p\000o\000s\000s\000i\000b\000l\000e\000\040\000C\000a\000t\000a\000l\000y\000s\000t\000s}{part*.6}% 22
\BOOKMARK [1][-]{section.16}{\376\377\000T\000h\000e\000\040\000C\000a\000t\000a\000l\000y\000s\000t\000\040\000A\000l\000g\000e\000b\000r\000a}{part*.6}% 23
\BOOKMARK [0][-]{part*.7}{\376\377\000P\000a\000r\000t\000\040\000V\000\040\040\024\000\040\000R\000e\000c\000u\000r\000s\000i\000v\000e\000\040\000S\000t\000r\000u\000c\000t\000u\000r\000e}{}% 24
\BOOKMARK [1][-]{section.17}{\376\377\000R\000e\000c\000u\000r\000s\000i\000v\000e\000\040\000D\000e\000c\000o\000m\000p\000o\000s\000i\000t\000i\000o\000n}{part*.7}% 25
\BOOKMARK [1][-]{section.18}{\376\377\000S\000c\000a\000l\000e\000\040\000I\000n\000v\000a\000r\000i\000a\000n\000c\000e}{part*.7}% 26
\BOOKMARK [1][-]{section.19}{\376\377\000N\000o\000\040\000P\000r\000i\000v\000i\000l\000e\000g\000e\000d\000\040\000L\000e\000v\000e\000l}{part*.7}% 27
\BOOKMARK [1][-]{section.20}{\376\377\000R\000e\000c\000u\000r\000s\000i\000v\000e\000\040\000C\000o\000o\000r\000d\000i\000n\000a\000t\000e\000s}{part*.7}% 28
\BOOKMARK [1][-]{section.21}{\376\377\000T\000h\000e\000\040\000R\000e\000c\000u\000r\000s\000i\000v\000e\000\040\000S\000-\000T\000u\000p\000l\000e}{part*.7}% 29
\BOOKMARK [0][-]{part*.8}{\376\377\000P\000a\000r\000t\000\040\000V\000I\000\040\040\024\000\040\000C\000i\000r\000c\000u\000l\000a\000r\000\040\000V\000a\000l\000i\000d\000a\000t\000i\000o\000n}{}% 30
\BOOKMARK [1][-]{section.22}{\376\377\000M\000u\000t\000u\000a\000l\000\040\000S\000u\000p\000p\000o\000r\000t}{part*.8}% 31
\BOOKMARK [1][-]{section.23}{\376\377\000L\000i\000n\000e\000a\000r\000\040\000J\000u\000s\000t\000i\000f\000i\000c\000a\000t\000i\000o\000n\000\040\000F\000a\000i\000l\000u\000r\000e}{part*.8}% 32
\BOOKMARK [1][-]{section.24}{\376\377\000C\000i\000r\000c\000u\000l\000a\000r\000\040\000V\000a\000l\000i\000d\000i\000t\000y}{part*.8}% 33
\BOOKMARK [1][-]{section.25}{\376\377\000S\000t\000a\000b\000i\000l\000i\000t\000y}{part*.8}% 34
\BOOKMARK [1][-]{section.26}{\376\377\000C\000o\000h\000e\000r\000e\000n\000c\000e}{part*.8}% 35
\BOOKMARK [0][-]{part*.9}{\376\377\000P\000a\000r\000t\000\040\000V\000I\000I\000\040\040\024\000\040\000T\000h\000e\000\040\000C\000a\000l\000c\000u\000l\000u\000s}{}% 36
\BOOKMARK [1][-]{section.27}{\376\377\000C\000o\000m\000p\000o\000s\000i\000t\000i\000o\000n\000\040\000R\000u\000l\000e\000s}{part*.9}% 37
\BOOKMARK [1][-]{section.28}{\376\377\000I\000d\000e\000n\000t\000i\000t\000y\000\040\000O\000p\000e\000r\000a\000t\000i\000o\000n\000s}{part*.9}% 38
\BOOKMARK [1][-]{section.29}{\376\377\000I\000n\000v\000e\000r\000s\000i\000o\000n}{part*.9}% 39
\BOOKMARK [1][-]{section.30}{\376\377\000C\000o\000n\000v\000e\000r\000g\000e\000n\000c\000e}{part*.9}% 40
\BOOKMARK [1][-]{section.31}{\376\377\000C\000a\000s\000c\000a\000d\000e\000\040\000C\000o\000m\000p\000o\000s\000i\000t\000i\000o\000n}{part*.9}% 41
\BOOKMARK [0][-]{part*.10}{\376\377\000P\000a\000r\000t\000\040\000V\000I\000I\000I\000\040\040\024\000\040\000W\000o\000r\000k\000e\000d\000\040\000E\000x\000a\000m\000p\000l\000e\000s}{}% 42
\BOOKMARK [1][-]{section.32}{\376\377\000A\000\040\000P\000e\000r\000i\000o\000d\000i\000c\000\040\000S\000y\000s\000t\000e\000m}{part*.10}% 43
\BOOKMARK [1][-]{section.33}{\376\377\000A\000\040\000C\000r\000o\000s\000s\000-\000R\000e\000p\000r\000e\000s\000e\000n\000t\000a\000t\000i\000o\000n\000\040\000S\000o\000l\000u\000t\000i\000o\000n}{part*.10}% 44
\BOOKMARK [1][-]{section.34}{\376\377\000H\000i\000e\000r\000a\000r\000c\000h\000i\000c\000a\000l\000\040\000R\000e\000s\000o\000l\000u\000t\000i\000o\000n}{part*.10}% 45
\BOOKMARK [0][-]{part*.11}{\376\377\000P\000a\000r\000t\000\040\000I\000X\000\040\040\024\000\040\000C\000o\000n\000n\000e\000c\000t\000i\000o\000n\000s\000\040\000t\000o\000\040\000S\000t\000a\000n\000d\000a\000r\000d\000\040\000M\000a\000t\000h\000e\000m\000a\000t\000i\000c\000s}{}% 46
\BOOKMARK [1][-]{section.35}{\376\377\000L\000a\000t\000t\000i\000c\000e\000\040\000S\000t\000r\000u\000c\000t\000u\000r\000e\000\040\000o\000f\000\040\000E\000x\000p\000r\000e\000s\000s\000i\000o\000n\000s}{part*.11}% 47
\BOOKMARK [1][-]{section.36}{\376\377\000C\000a\000t\000e\000g\000o\000r\000i\000c\000a\000l\000\040\000P\000r\000o\000p\000e\000r\000t\000i\000e\000s}{part*.11}% 48
\BOOKMARK [1][-]{section.37}{\376\377\000I\000n\000f\000o\000r\000m\000a\000t\000i\000o\000n\000-\000T\000h\000e\000o\000r\000e\000t\000i\000c\000\040\000B\000o\000u\000n\000d\000s}{part*.11}% 49
\BOOKMARK [1][-]{section.38}{\376\377\000C\000o\000m\000p\000a\000c\000t\000n\000e\000s\000s\000\040\000o\000f\000\040\000X\000/\000\040\000S}{part*.11}% 50
\BOOKMARK [1][-]{section.39}{\376\377\000C\000o\000n\000n\000e\000c\000t\000i\000o\000n\000\040\000t\000o\000\040\000E\000r\000g\000o\000d\000i\000c\000\040\000T\000h\000e\000o\000r\000y}{part*.11}% 51
\BOOKMARK [1][-]{section.40}{\376\377\000S\000t\000o\000n\000e\000-\000t\000y\000p\000e\000\040\000D\000u\000a\000l\000i\000t\000y}{part*.11}% 52
\BOOKMARK [0][-]{part*.12}{\376\377\000P\000a\000r\000t\000\040\000X\000\040\040\024\000\040\000E\000x\000t\000e\000n\000d\000e\000d\000\040\000P\000r\000o\000p\000e\000r\000t\000i\000e\000s}{}% 53
\BOOKMARK [1][-]{section.41}{\376\377\000H\000i\000g\000h\000e\000r\000\040\000R\000e\000c\000u\000r\000s\000i\000o\000n\000\040\000O\000p\000e\000r\000a\000t\000o\000r\000s}{part*.12}% 54
\BOOKMARK [1][-]{section.42}{\376\377\000A\000d\000j\000o\000i\000n\000t\000\040\000O\000p\000e\000r\000a\000t\000o\000r\000s}{part*.12}% 55
\BOOKMARK [1][-]{section.43}{\376\377\000S\000t\000r\000u\000c\000t\000u\000r\000a\000l\000\040\000S\000y\000m\000m\000e\000t\000r\000i\000e\000s}{part*.12}% 56
\BOOKMARK [1][-]{section.44}{\376\377\000A\000s\000y\000m\000p\000t\000o\000t\000i\000c\000\040\000B\000e\000h\000a\000v\000i\000o\000u\000r}{part*.12}% 57
\BOOKMARK [1][-]{section.45}{\376\377\000S\000t\000a\000b\000i\000l\000i\000t\000y\000\040\000U\000n\000d\000e\000r\000\040\000R\000e\000c\000e\000i\000v\000e\000r\000\040\000V\000a\000r\000i\000a\000t\000i\000o\000n}{part*.12}% 58
\BOOKMARK [1][-]{section.46}{\376\377\000U\000n\000i\000v\000e\000r\000s\000a\000l\000\040\000P\000r\000o\000p\000e\000r\000t\000i\000e\000s}{part*.12}% 59
\BOOKMARK [0][-]{part*.13}{\376\377\000P\000a\000r\000t\000\040\000X\000I\000\040\040\024\000\040\000B\000e\000y\000o\000n\000d\000\040\000t\000h\000e\000\040\000C\000a\000l\000c\000u\000l\000u\000s\000:\000\040\000O\000p\000e\000n\000\040\000D\000i\000r\000e\000c\000t\000i\000o\000n\000s}{}% 60
\BOOKMARK [1][-]{section.47}{\376\377\000P\000r\000o\000b\000a\000b\000i\000l\000i\000s\000t\000i\000c\000\040\000E\000x\000t\000e\000n\000s\000i\000o\000n\000s}{part*.13}% 61
\BOOKMARK [1][-]{section.48}{\376\377\000N\000o\000n\000-\000S\000t\000a\000n\000d\000a\000r\000d\000\040\000F\000l\000o\000o\000r\000s}{part*.13}% 62
\BOOKMARK [1][-]{section.49}{\376\377\000C\000o\000n\000t\000i\000n\000u\000o\000u\000s\000\040\000R\000e\000c\000u\000r\000s\000i\000o\000n}{part*.13}% 63
\BOOKMARK [1][-]{section.50}{\376\377\000M\000u\000l\000t\000i\000-\000R\000e\000c\000e\000i\000v\000e\000r\000\040\000F\000r\000a\000m\000e\000w\000o\000r\000k\000s}{part*.13}% 64
\BOOKMARK [1][-]{section.51}{\376\377\000B\000e\000y\000o\000n\000d\000\040\000T\000h\000r\000e\000e\000\040\000R\000e\000p\000r\000e\000s\000e\000n\000t\000a\000t\000i\000o\000n\000s}{part*.13}% 65
\BOOKMARK [0][-]{part*.14}{\376\377\000P\000a\000r\000t\000\040\000X\000I\000I\000\040\040\024\000\040\000N\000u\000m\000e\000r\000i\000c\000a\000l\000\040\000V\000a\000l\000i\000d\000a\000t\000i\000o\000n}{}% 66
\BOOKMARK [1][-]{section.52}{\376\377\000M\000e\000t\000h\000o\000d\000o\000l\000o\000g\000y}{part*.14}% 67
\BOOKMARK [1][-]{section.53}{\376\377\000F\000l\000o\000o\000r\000\040\000T\000h\000e\000o\000r\000e\000m\000\040\000a\000n\000d\000\040\000I\000n\000f\000o\000r\000m\000a\000t\000i\000o\000n\000\040\000B\000o\000u\000n\000d\000s}{part*.14}% 68
\BOOKMARK [1][-]{section.54}{\376\377\000T\000r\000i\000p\000l\000e\000\040\000E\000q\000u\000i\000v\000a\000l\000e\000n\000c\000e}{part*.14}% 69
\BOOKMARK [1][-]{section.55}{\376\377\000S\000u\000b\000t\000a\000s\000k\000\040\000F\000r\000e\000e\000d\000o\000m\000\040\000a\000n\000d\000\040\000C\000o\000m\000p\000o\000s\000i\000t\000i\000o\000n\000a\000l\000\040\000M\000u\000l\000t\000i\000p\000l\000i\000c\000i\000t\000y}{part*.14}% 70
\BOOKMARK [1][-]{section.56}{\376\377\000C\000a\000t\000a\000l\000y\000s\000t\000\040\000A\000l\000g\000e\000b\000r\000a}{part*.14}% 71
\BOOKMARK [1][-]{section.57}{\376\377\000R\000e\000c\000u\000r\000s\000i\000v\000e\000\040\000S\000t\000r\000u\000c\000t\000u\000r\000e\000\040\000a\000n\000d\000\040\000S\000y\000m\000m\000e\000t\000r\000y}{part*.14}% 72
\BOOKMARK [1][-]{section.58}{\376\377\000V\000a\000l\000i\000d\000a\000t\000i\000o\000n\000\040\000C\000a\000l\000c\000u\000l\000u\000s}{part*.14}% 73
\BOOKMARK [1][-]{section.59}{\376\377\000R\000o\000b\000u\000s\000t\000n\000e\000s\000s}{part*.14}% 74
\BOOKMARK [1][-]{section.60}{\376\377\000A\000g\000g\000r\000e\000g\000a\000t\000e\000\040\000F\000i\000n\000d\000i\000n\000g\000s}{part*.14}% 75
\BOOKMARK [0][-]{part*.15}{\376\377\000P\000a\000r\000t\000\040\000X\000I\000I\000I\000\040\040\024\000\040\000C\000o\000n\000c\000l\000u\000s\000i\000o\000n}{}% 76
\BOOKMARK [1][-]{section.61}{\376\377\000S\000u\000m\000m\000a\000r\000y\000\040\000o\000f\000\040\000t\000h\000e\000\040\000C\000a\000l\000c\000u\000l\000u\000s}{part*.15}% 77
\BOOKMARK [1][-]{section.62}{\376\377\000R\000e\000m\000a\000r\000k\000s\000\040\000o\000n\000\040\000P\000u\000r\000e\000\040\000F\000o\000r\000m}{part*.15}% 78
\BOOKMARK [1][-]{section.63}{\376\377\000T\000h\000e\000\040\000T\000h\000r\000e\000e\000\040\000M\000a\000t\000h\000e\000m\000a\000t\000i\000c\000a\000l\000\040\000T\000h\000e\000o\000r\000e\000m\000s\000\040\000D\000o\000i\000n\000g\000\040\000t\000h\000e\000\040\000W\000o\000r\000k}{part*.15}% 79
\BOOKMARK [1][-]{section.64}{\376\377\000C\000l\000o\000s\000i\000n\000g}{part*.15}% 80
